2022-10-11 17:02:06,912 INFO com.fonada.masking.FonadaDidMaskingApplication [restartedMain] Starting FonadaDidMaskingApplication using Java 11.0.13 on DESKTOP-V6H2HI8 with PID 2412 (D:\ShivTell WorkSpace\FonadaDidMasking\target\classes started by Rahul in D:\ShivTell WorkSpace\FonadaDidMasking)
2022-10-11 17:02:06,913 DEBUG com.fonada.masking.FonadaDidMaskingApplication [restartedMain] Running with Spring Boot v2.7.1, Spring v5.3.21
2022-10-11 17:02:06,914 INFO com.fonada.masking.FonadaDidMaskingApplication [restartedMain] No active profile set, falling back to 1 default profile: "default"
2022-10-11 17:02:16,258 INFO org.apache.catalina.core.StandardService [restartedMain] Starting service [Tomcat]
2022-10-11 17:02:16,259 INFO org.apache.catalina.core.StandardEngine [restartedMain] Starting Servlet engine: [Apache Tomcat/9.0.64]
2022-10-11 17:02:16,505 INFO org.apache.catalina.core.ContainerBase.[Tomcat].[localhost].[/] [restartedMain] Initializing Spring embedded WebApplicationContext
2022-10-11 17:02:16,872 INFO org.hibernate.jpa.internal.util.LogHelper [restartedMain] HHH000204: Processing PersistenceUnitInfo [name: default]
2022-10-11 17:02:17,336 INFO org.hibernate.Version [restartedMain] HHH000412: Hibernate ORM core version 5.6.9.Final
2022-10-11 17:02:18,304 INFO org.hibernate.annotations.common.Version [restartedMain] HCANN000001: Hibernate Commons Annotations {5.1.2.Final}
2022-10-11 17:02:18,629 INFO com.zaxxer.hikari.HikariDataSource [restartedMain] HikariPool-1 - Starting...
2022-10-11 17:02:19,331 INFO com.zaxxer.hikari.HikariDataSource [restartedMain] HikariPool-1 - Start completed.
2022-10-11 17:02:19,378 INFO org.hibernate.dialect.Dialect [restartedMain] HHH000400: Using dialect: org.hibernate.dialect.MySQL8Dialect
2022-10-11 17:02:22,760 INFO org.hibernate.engine.transaction.jta.platform.internal.JtaPlatformInitiator [restartedMain] HHH000490: Using JtaPlatform implementation: [org.hibernate.engine.transaction.jta.platform.internal.NoJtaPlatform]
2022-10-11 17:02:25,265 INFO com.fonada.masking.configs.AsyncConfiguration$$EnhancerBySpringCGLIB$$cb4d048c [restartedMain] Message from the que
2022-10-11 17:02:25,270 INFO com.fonada.masking.configs.AsyncConfiguration$$EnhancerBySpringCGLIB$$cb4d048c [restartedMain] ThreadPoolTaskExecutor set for the Application.
2022-10-11 17:02:26,441 INFO springfox.documentation.spring.web.plugins.DocumentationPluginsBootstrapper [restartedMain] Context refreshed
2022-10-11 17:02:26,502 INFO springfox.documentation.spring.web.plugins.DocumentationPluginsBootstrapper [restartedMain] Found 1 custom documentation plugin(s)
2022-10-11 17:02:26,530 INFO springfox.documentation.spring.web.scanners.ApiListingReferenceScanner [restartedMain] Scanning for api listing references
2022-10-11 17:02:27,292 INFO springfox.documentation.spring.web.readers.operation.CachingOperationNameGenerator [restartedMain] Generating unique operation named: createDidBlockNumberUsingPOST_1
2022-10-11 17:02:27,295 INFO springfox.documentation.spring.web.readers.operation.CachingOperationNameGenerator [restartedMain] Generating unique operation named: deleteDidBlockNumberByIdUsingPOST_1
2022-10-11 17:02:27,299 INFO springfox.documentation.spring.web.readers.operation.CachingOperationNameGenerator [restartedMain] Generating unique operation named: findOneDidBlockNumberByIdUsingPOST_1
2022-10-11 17:02:27,308 INFO springfox.documentation.spring.web.readers.operation.CachingOperationNameGenerator [restartedMain] Generating unique operation named: updatedDidBlockNumberByIdUsingPOST_1
2022-10-11 17:02:27,318 INFO springfox.documentation.spring.web.readers.operation.CachingOperationNameGenerator [restartedMain] Generating unique operation named: createDidBlockNumberUsingPOST_2
2022-10-11 17:02:27,323 INFO springfox.documentation.spring.web.readers.operation.CachingOperationNameGenerator [restartedMain] Generating unique operation named: findOneDidBlockNumberByIdUsingPOST_2
2022-10-11 17:02:27,341 INFO springfox.documentation.spring.web.readers.operation.CachingOperationNameGenerator [restartedMain] Generating unique operation named: deleteReasonByIdUsingDELETE_1
2022-10-11 17:02:27,479 INFO com.fonada.masking.FonadaDidMaskingApplication [restartedMain] Started FonadaDidMaskingApplication in 23.235 seconds (JVM running for 26.208)
